<?xml version="1.0" encoding="UTF-8"?>
<!-- Generated by org.testng.reporters.JUnitXMLReporter -->
<testsuite ignored="0" hostname="DESKTOP-HHB522J" failures="0" tests="4" name="Regression" time="62.394" errors="0" timestamp="2025-11-09T22:04:53 IST">
  <testcase classname="com.OrangeHRM.Tests.HomePageTest" name="QuickLinkMenuTest" time="6.487"/>
  <testcase classname="com.OrangeHRM.Tests.HomePageTest" name="VerifyHomePage" time="4.889"/>
  <testcase classname="com.OrangeHRM.Tests.LoginPageTest" name="getTitleTest" time="0.022"/>
  <testcase classname="com.OrangeHRM.Tests.LoginPageTest" name="loginPageTest" time="4.405"/>
</testsuite> <!-- Regression -->
