<?xml version="1.0" encoding="UTF-8"?>
<testng-results ignored="0" total="1" passed="1" failed="0" skipped="0">
  <reporter-output>
  </reporter-output>
  <suite started-at="2025-12-09T08:44:22 IST" name="Default suite" finished-at="2025-12-09T08:44:24 IST" duration-ms="2005">
    <groups>
    </groups>
    <test started-at="2025-12-09T08:44:22 IST" name="Default test" finished-at="2025-12-09T08:44:24 IST" duration-ms="2005">
      <class name="ExcelFileDataDriven.RahulShettyAcademyExcelDD">
        <test-method signature="getDataFromExcel()[pri:0, instance:ExcelFileDataDriven.RahulShettyAcademyExcelDD@557caf28]" started-at="2025-12-09T08:44:22 IST" name="getDataFromExcel" finished-at="2025-12-09T08:44:24 IST" duration-ms="1906" status="PASS">
          <reporter-output>
          </reporter-output>
        </test-method> <!-- getDataFromExcel -->
      </class> <!-- ExcelFileDataDriven.RahulShettyAcademyExcelDD -->
    </test> <!-- Default test -->
  </suite> <!-- Default suite -->
</testng-results>
