<?xml version="1.0" encoding="UTF-8"?>
<!-- Generated by org.testng.reporters.JUnitReportReporter -->
<testsuite hostname="DESKTOP-HHB522J" failures="0" tests="1" name="Selenium.Automation.SeleniumAutomationFreshStart.FlipKartProductSearchLinkCount" time="31.259" errors="0" timestamp="2025-11-06T19:05:48 IST" skipped="0">
  <testcase classname="Selenium.Automation.SeleniumAutomationFreshStart.FlipKartProductSearchLinkCount" name="elementLocator" time="31.259"/>
</testsuite> <!-- Selenium.Automation.SeleniumAutomationFreshStart.FlipKartProductSearchLinkCount -->
