<?xml version="1.0" encoding="UTF-8"?>
<!-- Generated by org.testng.reporters.JUnitReportReporter -->
<testsuite hostname="DESKTOP-HHB522J" failures="0" tests="1" name="Selenium.Automation.SeleniumAutomationFreshStart.ActionsClass" time="16.219" errors="0" timestamp="2025-11-07T08:22:32 IST" skipped="0">
  <testcase classname="Selenium.Automation.SeleniumAutomationFreshStart.ActionsClass" name="actionActions" time="16.219"/>
</testsuite> <!-- Selenium.Automation.SeleniumAutomationFreshStart.ActionsClass -->
