<?xml version="1.0" encoding="UTF-8"?>
<!-- Generated by org.testng.reporters.JUnitReportReporter -->
<testsuite hostname="DESKTOP-HHB522J" failures="0" tests="2" name="Selenium.Automation.SeleniumAutomationFreshStart.FlipKartFilter" time="13.018" errors="0" timestamp="2025-11-06T19:05:48 IST" skipped="0">
  <testcase classname="Selenium.Automation.SeleniumAutomationFreshStart.FlipKartFilter" name="filterTest" time="0.990"/>
  <testcase classname="Selenium.Automation.SeleniumAutomationFreshStart.FlipKartFilter" name="elementLocator" time="12.028"/>
</testsuite> <!-- Selenium.Automation.SeleniumAutomationFreshStart.FlipKartFilter -->
