<?xml version="1.0" encoding="UTF-8"?>
<!-- Generated by org.testng.reporters.JUnitReportReporter -->
<testsuite hostname="DESKTOP-HHB522J" failures="0" tests="1" name="Selenium.Automation.SeleniumAutomationFreshStart.ElementsLocateUsingDiffMethods" time="20.081" errors="0" timestamp="2025-11-06T18:09:31 IST" skipped="0">
  <testcase classname="Selenium.Automation.SeleniumAutomationFreshStart.ElementsLocateUsingDiffMethods" name="elementLocator" time="20.081"/>
</testsuite> <!-- Selenium.Automation.SeleniumAutomationFreshStart.ElementsLocateUsingDiffMethods -->
