<?xml version="1.0" encoding="UTF-8"?>
<!-- Generated by org.testng.reporters.JUnitReportReporter -->
<testsuite hostname="DESKTOP-HHB522J" failures="0" tests="5" name="com.OrangeHRM.Tests.HomePageTest" time="42.732" errors="0" timestamp="2025-11-11T20:26:23 IST" skipped="2">
  <testcase classname="com.OrangeHRM.Tests.HomePageTest" name="loginPageTest" time="13.575"/>
  <testcase classname="com.OrangeHRM.Tests.HomePageTest" name="getTitleTest" time="11.558"/>
  <testcase classname="com.OrangeHRM.Tests.HomePageTest" name="leftMenuTest" time="17.599"/>
  <testcase classname="com.OrangeHRM.Tests.HomePageTest" name="QuickLinkMenuTest">
    <skipped/>
  </testcase> <!-- QuickLinkMenuTest -->
  <testcase classname="com.OrangeHRM.Tests.HomePageTest" name="VerifyHomePage">
    <skipped/>
  </testcase> <!-- VerifyHomePage -->
</testsuite> <!-- com.OrangeHRM.Tests.HomePageTest -->
